<?xml version="1.0" encoding="UTF-8"?>
<testsuite xmlns:xsi="http://www.w3.org/2001/XMLSchema-instance" xsi:noNamespaceSchemaLocation="https://maven.apache.org/surefire/maven-surefire-plugin/xsd/surefire-test-report.xsd" name="com.chinaunicom.xhl.oneclickcreation.OneclickcreationApplicationTests" time="4.374" tests="1" errors="0" skipped="0" failures="0">
  <properties>
    <property name="gopherProxySet" value="false"/>
    <property name="awt.toolkit" value="sun.lwawt.macosx.LWCToolkit"/>
    <property name="file.encoding.pkg" value="sun.io"/>
    <property name="java.specification.version" value="1.8"/>
    <property name="sun.cpu.isalist" value=""/>
    <property name="sun.jnu.encoding" value="UTF-8"/>
    <property name="java.class.path" value="/Users/hellen/workspace/ideaproj/oneclickcreation/target/test-classes:/Users/hellen/workspace/ideaproj/oneclickcreation/target/classes:/Users/hellen/workspace/maven/conf/repository/org/springframework/boot/spring-boot-starter/2.4.2/spring-boot-starter-2.4.2.jar:/Users/hellen/workspace/maven/conf/repository/org/springframework/boot/spring-boot/2.4.2/spring-boot-2.4.2.jar:/Users/hellen/workspace/maven/conf/repository/org/springframework/spring-context/5.3.3/spring-context-5.3.3.jar:/Users/hellen/workspace/maven/conf/repository/org/springframework/boot/spring-boot-autoconfigure/2.4.2/spring-boot-autoconfigure-2.4.2.jar:/Users/hellen/workspace/maven/conf/repository/org/springframework/boot/spring-boot-starter-logging/2.4.2/spring-boot-starter-logging-2.4.2.jar:/Users/hellen/workspace/maven/conf/repository/ch/qos/logback/logback-classic/1.2.3/logback-classic-1.2.3.jar:/Users/hellen/workspace/maven/conf/repository/ch/qos/logback/logback-core/1.2.3/logback-core-1.2.3.jar:/Users/hellen/workspace/maven/conf/repository/org/apache/logging/log4j/log4j-to-slf4j/2.13.3/log4j-to-slf4j-2.13.3.jar:/Users/hellen/workspace/maven/conf/repository/org/apache/logging/log4j/log4j-api/2.13.3/log4j-api-2.13.3.jar:/Users/hellen/workspace/maven/conf/repository/org/slf4j/jul-to-slf4j/1.7.30/jul-to-slf4j-1.7.30.jar:/Users/hellen/workspace/maven/conf/repository/jakarta/annotation/jakarta.annotation-api/1.3.5/jakarta.annotation-api-1.3.5.jar:/Users/hellen/workspace/maven/conf/repository/org/springframework/spring-core/5.3.3/spring-core-5.3.3.jar:/Users/hellen/workspace/maven/conf/repository/org/springframework/spring-jcl/5.3.3/spring-jcl-5.3.3.jar:/Users/hellen/workspace/maven/conf/repository/org/yaml/snakeyaml/1.27/snakeyaml-1.27.jar:/Users/hellen/workspace/maven/conf/repository/org/springframework/boot/spring-boot-starter-web/2.4.2/spring-boot-starter-web-2.4.2.jar:/Users/hellen/workspace/maven/conf/repository/org/springframework/boot/spring-boot-starter-json/2.4.2/spring-boot-starter-json-2.4.2.jar:/Users/hellen/workspace/maven/conf/repository/com/fasterxml/jackson/datatype/jackson-datatype-jdk8/2.11.4/jackson-datatype-jdk8-2.11.4.jar:/Users/hellen/workspace/maven/conf/repository/com/fasterxml/jackson/datatype/jackson-datatype-jsr310/2.11.4/jackson-datatype-jsr310-2.11.4.jar:/Users/hellen/workspace/maven/conf/repository/com/fasterxml/jackson/module/jackson-module-parameter-names/2.11.4/jackson-module-parameter-names-2.11.4.jar:/Users/hellen/workspace/maven/conf/repository/org/springframework/boot/spring-boot-starter-tomcat/2.4.2/spring-boot-starter-tomcat-2.4.2.jar:/Users/hellen/workspace/maven/conf/repository/org/apache/tomcat/embed/tomcat-embed-core/9.0.41/tomcat-embed-core-9.0.41.jar:/Users/hellen/workspace/maven/conf/repository/org/glassfish/jakarta.el/3.0.3/jakarta.el-3.0.3.jar:/Users/hellen/workspace/maven/conf/repository/org/apache/tomcat/embed/tomcat-embed-websocket/9.0.41/tomcat-embed-websocket-9.0.41.jar:/Users/hellen/workspace/maven/conf/repository/org/springframework/spring-web/5.3.3/spring-web-5.3.3.jar:/Users/hellen/workspace/maven/conf/repository/org/springframework/spring-webmvc/5.3.3/spring-webmvc-5.3.3.jar:/Users/hellen/workspace/maven/conf/repository/org/springframework/spring-aop/5.3.3/spring-aop-5.3.3.jar:/Users/hellen/workspace/maven/conf/repository/org/springframework/spring-expression/5.3.3/spring-expression-5.3.3.jar:/Users/hellen/workspace/maven/conf/repository/org/springframework/boot/spring-boot-starter-test/2.4.2/spring-boot-starter-test-2.4.2.jar:/Users/hellen/workspace/maven/conf/repository/org/springframework/boot/spring-boot-test/2.4.2/spring-boot-test-2.4.2.jar:/Users/hellen/workspace/maven/conf/repository/org/springframework/boot/spring-boot-test-autoconfigure/2.4.2/spring-boot-test-autoconfigure-2.4.2.jar:/Users/hellen/workspace/maven/conf/repository/com/jayway/jsonpath/json-path/2.4.0/json-path-2.4.0.jar:/Users/hellen/workspace/maven/conf/repository/net/minidev/json-smart/2.3/json-smart-2.3.jar:/Users/hellen/workspace/maven/conf/repository/net/minidev/accessors-smart/1.2/accessors-smart-1.2.jar:/Users/hellen/workspace/maven/conf/repository/org/ow2/asm/asm/5.0.4/asm-5.0.4.jar:/Users/hellen/workspace/maven/conf/repository/jakarta/xml/bind/jakarta.xml.bind-api/2.3.3/jakarta.xml.bind-api-2.3.3.jar:/Users/hellen/workspace/maven/conf/repository/jakarta/activation/jakarta.activation-api/1.2.2/jakarta.activation-api-1.2.2.jar:/Users/hellen/workspace/maven/conf/repository/org/assertj/assertj-core/3.18.1/assertj-core-3.18.1.jar:/Users/hellen/workspace/maven/conf/repository/org/hamcrest/hamcrest/2.2/hamcrest-2.2.jar:/Users/hellen/workspace/maven/conf/repository/org/junit/jupiter/junit-jupiter/5.7.0/junit-jupiter-5.7.0.jar:/Users/hellen/workspace/maven/conf/repository/org/junit/jupiter/junit-jupiter-api/5.7.0/junit-jupiter-api-5.7.0.jar:/Users/hellen/workspace/maven/conf/repository/org/apiguardian/apiguardian-api/1.1.0/apiguardian-api-1.1.0.jar:/Users/hellen/workspace/maven/conf/repository/org/opentest4j/opentest4j/1.2.0/opentest4j-1.2.0.jar:/Users/hellen/workspace/maven/conf/repository/org/junit/platform/junit-platform-commons/1.7.0/junit-platform-commons-1.7.0.jar:/Users/hellen/workspace/maven/conf/repository/org/junit/jupiter/junit-jupiter-params/5.7.0/junit-jupiter-params-5.7.0.jar:/Users/hellen/workspace/maven/conf/repository/org/junit/jupiter/junit-jupiter-engine/5.7.0/junit-jupiter-engine-5.7.0.jar:/Users/hellen/workspace/maven/conf/repository/org/junit/platform/junit-platform-engine/1.7.0/junit-platform-engine-1.7.0.jar:/Users/hellen/workspace/maven/conf/repository/org/mockito/mockito-core/3.6.28/mockito-core-3.6.28.jar:/Users/hellen/workspace/maven/conf/repository/net/bytebuddy/byte-buddy/1.10.19/byte-buddy-1.10.19.jar:/Users/hellen/workspace/maven/conf/repository/net/bytebuddy/byte-buddy-agent/1.10.19/byte-buddy-agent-1.10.19.jar:/Users/hellen/workspace/maven/conf/repository/org/objenesis/objenesis/3.1/objenesis-3.1.jar:/Users/hellen/workspace/maven/conf/repository/org/mockito/mockito-junit-jupiter/3.6.28/mockito-junit-jupiter-3.6.28.jar:/Users/hellen/workspace/maven/conf/repository/org/skyscreamer/jsonassert/1.5.0/jsonassert-1.5.0.jar:/Users/hellen/workspace/maven/conf/repository/com/vaadin/external/google/android-json/0.0.20131108.vaadin1/android-json-0.0.20131108.vaadin1.jar:/Users/hellen/workspace/maven/conf/repository/org/springframework/spring-test/5.3.3/spring-test-5.3.3.jar:/Users/hellen/workspace/maven/conf/repository/org/xmlunit/xmlunit-core/2.7.0/xmlunit-core-2.7.0.jar:/Users/hellen/workspace/maven/conf/repository/mysql/mysql-connector-java/5.1.38/mysql-connector-java-5.1.38.jar:/Users/hellen/workspace/maven/conf/repository/org/mybatis/spring/boot/mybatis-spring-boot-starter/2.1.2/mybatis-spring-boot-starter-2.1.2.jar:/Users/hellen/workspace/maven/conf/repository/org/springframework/boot/spring-boot-starter-jdbc/2.4.2/spring-boot-starter-jdbc-2.4.2.jar:/Users/hellen/workspace/maven/conf/repository/com/zaxxer/HikariCP/3.4.5/HikariCP-3.4.5.jar:/Users/hellen/workspace/maven/conf/repository/org/springframework/spring-jdbc/5.3.3/spring-jdbc-5.3.3.jar:/Users/hellen/workspace/maven/conf/repository/org/mybatis/spring/boot/mybatis-spring-boot-autoconfigure/2.1.2/mybatis-spring-boot-autoconfigure-2.1.2.jar:/Users/hellen/workspace/maven/conf/repository/org/mybatis/mybatis/3.5.4/mybatis-3.5.4.jar:/Users/hellen/workspace/maven/conf/repository/org/mybatis/mybatis-spring/2.0.4/mybatis-spring-2.0.4.jar:/Users/hellen/workspace/maven/conf/repository/javax/servlet/javax.servlet-api/3.1.0/javax.servlet-api-3.1.0.jar:/Users/hellen/workspace/maven/conf/repository/org/springframework/ldap/spring-ldap-core/2.3.2.RELEASE/spring-ldap-core-2.3.2.RELEASE.jar:/Users/hellen/workspace/maven/conf/repository/org/slf4j/slf4j-api/1.7.30/slf4j-api-1.7.30.jar:/Users/hellen/workspace/maven/conf/repository/org/springframework/spring-beans/5.3.3/spring-beans-5.3.3.jar:/Users/hellen/workspace/maven/conf/repository/org/springframework/spring-tx/5.3.3/spring-tx-5.3.3.jar:/Users/hellen/workspace/maven/conf/repository/org/apache/hadoop/hadoop-common/3.1.1/hadoop-common-3.1.1.jar:/Users/hellen/workspace/maven/conf/repository/org/apache/hadoop/hadoop-annotations/3.1.1/hadoop-annotations-3.1.1.jar:/Library/Java/JavaVirtualMachines/jdk1.8.0_251.jdk/Contents/Home/jre/../lib/tools.jar:/Users/hellen/workspace/maven/conf/repository/com/google/guava/guava/11.0.2/guava-11.0.2.jar:/Users/hellen/workspace/maven/conf/repository/commons-cli/commons-cli/1.2/commons-cli-1.2.jar:/Users/hellen/workspace/maven/conf/repository/org/apache/commons/commons-math3/3.1.1/commons-math3-3.1.1.jar:/Users/hellen/workspace/maven/conf/repository/org/apache/httpcomponents/httpclient/4.5.13/httpclient-4.5.13.jar:/Users/hellen/workspace/maven/conf/repository/org/apache/httpcomponents/httpcore/4.4.14/httpcore-4.4.14.jar:/Users/hellen/workspace/maven/conf/repository/commons-codec/commons-codec/1.15/commons-codec-1.15.jar:/Users/hellen/workspace/maven/conf/repository/commons-io/commons-io/2.5/commons-io-2.5.jar:/Users/hellen/workspace/maven/conf/repository/commons-net/commons-net/3.6/commons-net-3.6.jar:/Users/hellen/workspace/maven/conf/repository/commons-collections/commons-collections/3.2.2/commons-collections-3.2.2.jar:/Users/hellen/workspace/maven/conf/repository/org/eclipse/jetty/jetty-server/9.4.35.v20201120/jetty-server-9.4.35.v20201120.jar:/Users/hellen/workspace/maven/conf/repository/org/eclipse/jetty/jetty-http/9.4.35.v20201120/jetty-http-9.4.35.v20201120.jar:/Users/hellen/workspace/maven/conf/repository/org/eclipse/jetty/jetty-io/9.4.35.v20201120/jetty-io-9.4.35.v20201120.jar:/Users/hellen/workspace/maven/conf/repository/org/eclipse/jetty/jetty-util/9.4.35.v20201120/jetty-util-9.4.35.v20201120.jar:/Users/hellen/workspace/maven/conf/repository/org/eclipse/jetty/jetty-servlet/9.4.35.v20201120/jetty-servlet-9.4.35.v20201120.jar:/Users/hellen/workspace/maven/conf/repository/org/eclipse/jetty/jetty-security/9.4.35.v20201120/jetty-security-9.4.35.v20201120.jar:/Users/hellen/workspace/maven/conf/repository/org/eclipse/jetty/jetty-webapp/9.4.35.v20201120/jetty-webapp-9.4.35.v20201120.jar:/Users/hellen/workspace/maven/conf/repository/org/eclipse/jetty/jetty-xml/9.4.35.v20201120/jetty-xml-9.4.35.v20201120.jar:/Users/hellen/workspace/maven/conf/repository/javax/servlet/jsp/jsp-api/2.1/jsp-api-2.1.jar:/Users/hellen/workspace/maven/conf/repository/com/sun/jersey/jersey-core/1.19/jersey-core-1.19.jar:/Users/hellen/workspace/maven/conf/repository/javax/ws/rs/jsr311-api/1.1.1/jsr311-api-1.1.1.jar:/Users/hellen/workspace/maven/conf/repository/com/sun/jersey/jersey-servlet/1.19/jersey-servlet-1.19.jar:/Users/hellen/workspace/maven/conf/repository/com/sun/jersey/jersey-json/1.19/jersey-json-1.19.jar:/Users/hellen/workspace/maven/conf/repository/org/codehaus/jettison/jettison/1.1/jettison-1.1.jar:/Users/hellen/workspace/maven/conf/repository/com/sun/xml/bind/jaxb-impl/2.2.3-1/jaxb-impl-2.2.3-1.jar:/Users/hellen/workspace/maven/conf/repository/org/codehaus/jackson/jackson-core-asl/1.9.2/jackson-core-asl-1.9.2.jar:/Users/hellen/workspace/maven/conf/repository/org/codehaus/jackson/jackson-mapper-asl/1.9.2/jackson-mapper-asl-1.9.2.jar:/Users/hellen/workspace/maven/conf/repository/org/codehaus/jackson/jackson-jaxrs/1.9.2/jackson-jaxrs-1.9.2.jar:/Users/hellen/workspace/maven/conf/repository/org/codehaus/jackson/jackson-xc/1.9.2/jackson-xc-1.9.2.jar:/Users/hellen/workspace/maven/conf/repository/com/sun/jersey/jersey-server/1.19/jersey-server-1.19.jar:/Users/hellen/workspace/maven/conf/repository/commons-logging/commons-logging/1.1.3/commons-logging-1.1.3.jar:/Users/hellen/workspace/maven/conf/repository/log4j/log4j/1.2.17/log4j-1.2.17.jar:/Users/hellen/workspace/maven/conf/repository/commons-lang/commons-lang/2.6/commons-lang-2.6.jar:/Users/hellen/workspace/maven/conf/repository/commons-beanutils/commons-beanutils/1.9.3/commons-beanutils-1.9.3.jar:/Users/hellen/workspace/maven/conf/repository/org/apache/commons/commons-configuration2/2.1.1/commons-configuration2-2.1.1.jar:/Users/hellen/workspace/maven/conf/repository/org/apache/commons/commons-lang3/3.11/commons-lang3-3.11.jar:/Users/hellen/workspace/maven/conf/repository/org/slf4j/slf4j-log4j12/1.7.30/slf4j-log4j12-1.7.30.jar:/Users/hellen/workspace/maven/conf/repository/org/apache/avro/avro/1.7.7/avro-1.7.7.jar:/Users/hellen/workspace/maven/conf/repository/com/thoughtworks/paranamer/paranamer/2.3/paranamer-2.3.jar:/Users/hellen/workspace/maven/conf/repository/org/xerial/snappy/snappy-java/1.0.5/snappy-java-1.0.5.jar:/Users/hellen/workspace/maven/conf/repository/com/google/re2j/re2j/1.1/re2j-1.1.jar:/Users/hellen/workspace/maven/conf/repository/com/google/protobuf/protobuf-java/2.5.0/protobuf-java-2.5.0.jar:/Users/hellen/workspace/maven/conf/repository/com/google/code/gson/gson/2.8.6/gson-2.8.6.jar:/Users/hellen/workspace/maven/conf/repository/org/apache/hadoop/hadoop-auth/3.1.1/hadoop-auth-3.1.1.jar:/Users/hellen/workspace/maven/conf/repository/com/nimbusds/nimbus-jose-jwt/9.1.3/nimbus-jose-jwt-9.1.3.jar:/Users/hellen/workspace/maven/conf/repository/com/github/stephenc/jcip/jcip-annotations/1.0-1/jcip-annotations-1.0-1.jar:/Users/hellen/workspace/maven/conf/repository/org/apache/curator/curator-framework/2.12.0/curator-framework-2.12.0.jar:/Users/hellen/workspace/maven/conf/repository/com/jcraft/jsch/0.1.54/jsch-0.1.54.jar:/Users/hellen/workspace/maven/conf/repository/org/apache/curator/curator-client/2.12.0/curator-client-2.12.0.jar:/Users/hellen/workspace/maven/conf/repository/org/apache/curator/curator-recipes/2.12.0/curator-recipes-2.12.0.jar:/Users/hellen/workspace/maven/conf/repository/com/google/code/findbugs/jsr305/3.0.0/jsr305-3.0.0.jar:/Users/hellen/workspace/maven/conf/repository/org/apache/htrace/htrace-core4/4.1.0-incubating/htrace-core4-4.1.0-incubating.jar:/Users/hellen/workspace/maven/conf/repository/org/apache/zookeeper/zookeeper/3.4.9/zookeeper-3.4.9.jar:/Users/hellen/workspace/maven/conf/repository/jline/jline/0.9.94/jline-0.9.94.jar:/Users/hellen/workspace/maven/conf/repository/org/apache/commons/commons-compress/1.4.1/commons-compress-1.4.1.jar:/Users/hellen/workspace/maven/conf/repository/org/tukaani/xz/1.0/xz-1.0.jar:/Users/hellen/workspace/maven/conf/repository/org/apache/kerby/kerb-simplekdc/1.0.1/kerb-simplekdc-1.0.1.jar:/Users/hellen/workspace/maven/conf/repository/org/apache/kerby/kerb-client/1.0.1/kerb-client-1.0.1.jar:/Users/hellen/workspace/maven/conf/repository/org/apache/kerby/kerby-config/1.0.1/kerby-config-1.0.1.jar:/Users/hellen/workspace/maven/conf/repository/org/apache/kerby/kerb-core/1.0.1/kerb-core-1.0.1.jar:/Users/hellen/workspace/maven/conf/repository/org/apache/kerby/kerby-pkix/1.0.1/kerby-pkix-1.0.1.jar:/Users/hellen/workspace/maven/conf/repository/org/apache/kerby/kerby-asn1/1.0.1/kerby-asn1-1.0.1.jar:/Users/hellen/workspace/maven/conf/repository/org/apache/kerby/kerby-util/1.0.1/kerby-util-1.0.1.jar:/Users/hellen/workspace/maven/conf/repository/org/apache/kerby/kerb-common/1.0.1/kerb-common-1.0.1.jar:/Users/hellen/workspace/maven/conf/repository/org/apache/kerby/kerb-crypto/1.0.1/kerb-crypto-1.0.1.jar:/Users/hellen/workspace/maven/conf/repository/org/apache/kerby/kerb-util/1.0.1/kerb-util-1.0.1.jar:/Users/hellen/workspace/maven/conf/repository/org/apache/kerby/token-provider/1.0.1/token-provider-1.0.1.jar:/Users/hellen/workspace/maven/conf/repository/org/apache/kerby/kerb-admin/1.0.1/kerb-admin-1.0.1.jar:/Users/hellen/workspace/maven/conf/repository/org/apache/kerby/kerb-server/1.0.1/kerb-server-1.0.1.jar:/Users/hellen/workspace/maven/conf/repository/org/apache/kerby/kerb-identity/1.0.1/kerb-identity-1.0.1.jar:/Users/hellen/workspace/maven/conf/repository/org/apache/kerby/kerby-xdr/1.0.1/kerby-xdr-1.0.1.jar:/Users/hellen/workspace/maven/conf/repository/com/fasterxml/jackson/core/jackson-databind/2.11.4/jackson-databind-2.11.4.jar:/Users/hellen/workspace/maven/conf/repository/com/fasterxml/jackson/core/jackson-annotations/2.11.4/jackson-annotations-2.11.4.jar:/Users/hellen/workspace/maven/conf/repository/com/fasterxml/jackson/core/jackson-core/2.11.4/jackson-core-2.11.4.jar:/Users/hellen/workspace/maven/conf/repository/org/codehaus/woodstox/stax2-api/3.1.4/stax2-api-3.1.4.jar:/Users/hellen/workspace/maven/conf/repository/com/fasterxml/woodstox/woodstox-core/5.0.3/woodstox-core-5.0.3.jar:/Users/hellen/workspace/maven/conf/repository/org/apache/hadoop/hadoop-hdfs/3.1.1/hadoop-hdfs-3.1.1.jar:/Users/hellen/workspace/maven/conf/repository/org/eclipse/jetty/jetty-util-ajax/9.4.35.v20201120/jetty-util-ajax-9.4.35.v20201120.jar:/Users/hellen/workspace/maven/conf/repository/commons-daemon/commons-daemon/1.0.13/commons-daemon-1.0.13.jar:/Users/hellen/workspace/maven/conf/repository/io/netty/netty/3.10.5.Final/netty-3.10.5.Final.jar:/Users/hellen/workspace/maven/conf/repository/io/netty/netty-all/4.1.58.Final/netty-all-4.1.58.Final.jar:/Users/hellen/workspace/maven/conf/repository/org/fusesource/leveldbjni/leveldbjni-all/1.8/leveldbjni-all-1.8.jar:/Users/hellen/workspace/maven/conf/repository/org/apache/hadoop/hadoop-client/3.1.1/hadoop-client-3.1.1.jar:/Users/hellen/workspace/maven/conf/repository/org/apache/hadoop/hadoop-hdfs-client/3.1.1/hadoop-hdfs-client-3.1.1.jar:/Users/hellen/workspace/maven/conf/repository/com/squareup/okhttp/okhttp/2.7.5/okhttp-2.7.5.jar:/Users/hellen/workspace/maven/conf/repository/com/squareup/okio/okio/1.6.0/okio-1.6.0.jar:/Users/hellen/workspace/maven/conf/repository/org/apache/hadoop/hadoop-yarn-api/3.1.1/hadoop-yarn-api-3.1.1.jar:/Users/hellen/workspace/maven/conf/repository/javax/xml/bind/jaxb-api/2.3.1/jaxb-api-2.3.1.jar:/Users/hellen/workspace/maven/conf/repository/javax/activation/javax.activation-api/1.2.0/javax.activation-api-1.2.0.jar:/Users/hellen/workspace/maven/conf/repository/org/apache/hadoop/hadoop-yarn-client/3.1.1/hadoop-yarn-client-3.1.1.jar:/Users/hellen/workspace/maven/conf/repository/org/apache/hadoop/hadoop-mapreduce-client-core/3.1.1/hadoop-mapreduce-client-core-3.1.1.jar:/Users/hellen/workspace/maven/conf/repository/org/apache/hadoop/hadoop-yarn-common/3.1.1/hadoop-yarn-common-3.1.1.jar:/Users/hellen/workspace/maven/conf/repository/com/sun/jersey/jersey-client/1.19/jersey-client-1.19.jar:/Users/hellen/workspace/maven/conf/repository/com/fasterxml/jackson/module/jackson-module-jaxb-annotations/2.11.4/jackson-module-jaxb-annotations-2.11.4.jar:/Users/hellen/workspace/maven/conf/repository/com/fasterxml/jackson/jaxrs/jackson-jaxrs-json-provider/2.11.4/jackson-jaxrs-json-provider-2.11.4.jar:/Users/hellen/workspace/maven/conf/repository/com/fasterxml/jackson/jaxrs/jackson-jaxrs-base/2.11.4/jackson-jaxrs-base-2.11.4.jar:/Users/hellen/workspace/maven/conf/repository/org/apache/hadoop/hadoop-mapreduce-client-jobclient/3.1.1/hadoop-mapreduce-client-jobclient-3.1.1.jar:/Users/hellen/workspace/maven/conf/repository/org/apache/hadoop/hadoop-mapreduce-client-common/3.1.1/hadoop-mapreduce-client-common-3.1.1.jar:/Users/hellen/workspace/maven/conf/repository/junit/junit/4.12/junit-4.12.jar:/Users/hellen/workspace/maven/conf/repository/org/hamcrest/hamcrest-core/2.2/hamcrest-core-2.2.jar:"/>
    <property name="java.vm.vendor" value="Oracle Corporation"/>
    <property name="sun.arch.data.model" value="64"/>
    <property name="java.vendor.url" value="http://java.oracle.com/"/>
    <property name="user.timezone" value=""/>
    <property name="java.vm.specification.version" value="1.8"/>
    <property name="os.name" value="Mac OS X"/>
    <property name="user.country" value="CN"/>
    <property name="sun.java.launcher" value="SUN_STANDARD"/>
    <property name="sun.boot.library.path" value="/Library/Java/JavaVirtualMachines/jdk1.8.0_251.jdk/Contents/Home/jre/lib"/>
    <property name="sun.java.command" value="/Users/hellen/workspace/ideaproj/oneclickcreation/target/surefire/surefirebooter6711953797130479670.jar /Users/hellen/workspace/ideaproj/oneclickcreation/target/surefire 2021-02-01T14-56-23_848-jvmRun1 surefire5839131897688830289tmp surefire_01132368850004219373tmp"/>
    <property name="surefire.test.class.path" value="/Users/hellen/workspace/ideaproj/oneclickcreation/target/test-classes:/Users/hellen/workspace/ideaproj/oneclickcreation/target/classes:/Users/hellen/workspace/maven/conf/repository/org/springframework/boot/spring-boot-starter/2.4.2/spring-boot-starter-2.4.2.jar:/Users/hellen/workspace/maven/conf/repository/org/springframework/boot/spring-boot/2.4.2/spring-boot-2.4.2.jar:/Users/hellen/workspace/maven/conf/repository/org/springframework/spring-context/5.3.3/spring-context-5.3.3.jar:/Users/hellen/workspace/maven/conf/repository/org/springframework/boot/spring-boot-autoconfigure/2.4.2/spring-boot-autoconfigure-2.4.2.jar:/Users/hellen/workspace/maven/conf/repository/org/springframework/boot/spring-boot-starter-logging/2.4.2/spring-boot-starter-logging-2.4.2.jar:/Users/hellen/workspace/maven/conf/repository/ch/qos/logback/logback-classic/1.2.3/logback-classic-1.2.3.jar:/Users/hellen/workspace/maven/conf/repository/ch/qos/logback/logback-core/1.2.3/logback-core-1.2.3.jar:/Users/hellen/workspace/maven/conf/repository/org/apache/logging/log4j/log4j-to-slf4j/2.13.3/log4j-to-slf4j-2.13.3.jar:/Users/hellen/workspace/maven/conf/repository/org/apache/logging/log4j/log4j-api/2.13.3/log4j-api-2.13.3.jar:/Users/hellen/workspace/maven/conf/repository/org/slf4j/jul-to-slf4j/1.7.30/jul-to-slf4j-1.7.30.jar:/Users/hellen/workspace/maven/conf/repository/jakarta/annotation/jakarta.annotation-api/1.3.5/jakarta.annotation-api-1.3.5.jar:/Users/hellen/workspace/maven/conf/repository/org/springframework/spring-core/5.3.3/spring-core-5.3.3.jar:/Users/hellen/workspace/maven/conf/repository/org/springframework/spring-jcl/5.3.3/spring-jcl-5.3.3.jar:/Users/hellen/workspace/maven/conf/repository/org/yaml/snakeyaml/1.27/snakeyaml-1.27.jar:/Users/hellen/workspace/maven/conf/repository/org/springframework/boot/spring-boot-starter-web/2.4.2/spring-boot-starter-web-2.4.2.jar:/Users/hellen/workspace/maven/conf/repository/org/springframework/boot/spring-boot-starter-json/2.4.2/spring-boot-starter-json-2.4.2.jar:/Users/hellen/workspace/maven/conf/repository/com/fasterxml/jackson/datatype/jackson-datatype-jdk8/2.11.4/jackson-datatype-jdk8-2.11.4.jar:/Users/hellen/workspace/maven/conf/repository/com/fasterxml/jackson/datatype/jackson-datatype-jsr310/2.11.4/jackson-datatype-jsr310-2.11.4.jar:/Users/hellen/workspace/maven/conf/repository/com/fasterxml/jackson/module/jackson-module-parameter-names/2.11.4/jackson-module-parameter-names-2.11.4.jar:/Users/hellen/workspace/maven/conf/repository/org/springframework/boot/spring-boot-starter-tomcat/2.4.2/spring-boot-starter-tomcat-2.4.2.jar:/Users/hellen/workspace/maven/conf/repository/org/apache/tomcat/embed/tomcat-embed-core/9.0.41/tomcat-embed-core-9.0.41.jar:/Users/hellen/workspace/maven/conf/repository/org/glassfish/jakarta.el/3.0.3/jakarta.el-3.0.3.jar:/Users/hellen/workspace/maven/conf/repository/org/apache/tomcat/embed/tomcat-embed-websocket/9.0.41/tomcat-embed-websocket-9.0.41.jar:/Users/hellen/workspace/maven/conf/repository/org/springframework/spring-web/5.3.3/spring-web-5.3.3.jar:/Users/hellen/workspace/maven/conf/repository/org/springframework/spring-webmvc/5.3.3/spring-webmvc-5.3.3.jar:/Users/hellen/workspace/maven/conf/repository/org/springframework/spring-aop/5.3.3/spring-aop-5.3.3.jar:/Users/hellen/workspace/maven/conf/repository/org/springframework/spring-expression/5.3.3/spring-expression-5.3.3.jar:/Users/hellen/workspace/maven/conf/repository/org/springframework/boot/spring-boot-starter-test/2.4.2/spring-boot-starter-test-2.4.2.jar:/Users/hellen/workspace/maven/conf/repository/org/springframework/boot/spring-boot-test/2.4.2/spring-boot-test-2.4.2.jar:/Users/hellen/workspace/maven/conf/repository/org/springframework/boot/spring-boot-test-autoconfigure/2.4.2/spring-boot-test-autoconfigure-2.4.2.jar:/Users/hellen/workspace/maven/conf/repository/com/jayway/jsonpath/json-path/2.4.0/json-path-2.4.0.jar:/Users/hellen/workspace/maven/conf/repository/net/minidev/json-smart/2.3/json-smart-2.3.jar:/Users/hellen/workspace/maven/conf/repository/net/minidev/accessors-smart/1.2/accessors-smart-1.2.jar:/Users/hellen/workspace/maven/conf/repository/org/ow2/asm/asm/5.0.4/asm-5.0.4.jar:/Users/hellen/workspace/maven/conf/repository/jakarta/xml/bind/jakarta.xml.bind-api/2.3.3/jakarta.xml.bind-api-2.3.3.jar:/Users/hellen/workspace/maven/conf/repository/jakarta/activation/jakarta.activation-api/1.2.2/jakarta.activation-api-1.2.2.jar:/Users/hellen/workspace/maven/conf/repository/org/assertj/assertj-core/3.18.1/assertj-core-3.18.1.jar:/Users/hellen/workspace/maven/conf/repository/org/hamcrest/hamcrest/2.2/hamcrest-2.2.jar:/Users/hellen/workspace/maven/conf/repository/org/junit/jupiter/junit-jupiter/5.7.0/junit-jupiter-5.7.0.jar:/Users/hellen/workspace/maven/conf/repository/org/junit/jupiter/junit-jupiter-api/5.7.0/junit-jupiter-api-5.7.0.jar:/Users/hellen/workspace/maven/conf/repository/org/apiguardian/apiguardian-api/1.1.0/apiguardian-api-1.1.0.jar:/Users/hellen/workspace/maven/conf/repository/org/opentest4j/opentest4j/1.2.0/opentest4j-1.2.0.jar:/Users/hellen/workspace/maven/conf/repository/org/junit/platform/junit-platform-commons/1.7.0/junit-platform-commons-1.7.0.jar:/Users/hellen/workspace/maven/conf/repository/org/junit/jupiter/junit-jupiter-params/5.7.0/junit-jupiter-params-5.7.0.jar:/Users/hellen/workspace/maven/conf/repository/org/junit/jupiter/junit-jupiter-engine/5.7.0/junit-jupiter-engine-5.7.0.jar:/Users/hellen/workspace/maven/conf/repository/org/junit/platform/junit-platform-engine/1.7.0/junit-platform-engine-1.7.0.jar:/Users/hellen/workspace/maven/conf/repository/org/mockito/mockito-core/3.6.28/mockito-core-3.6.28.jar:/Users/hellen/workspace/maven/conf/repository/net/bytebuddy/byte-buddy/1.10.19/byte-buddy-1.10.19.jar:/Users/hellen/workspace/maven/conf/repository/net/bytebuddy/byte-buddy-agent/1.10.19/byte-buddy-agent-1.10.19.jar:/Users/hellen/workspace/maven/conf/repository/org/objenesis/objenesis/3.1/objenesis-3.1.jar:/Users/hellen/workspace/maven/conf/repository/org/mockito/mockito-junit-jupiter/3.6.28/mockito-junit-jupiter-3.6.28.jar:/Users/hellen/workspace/maven/conf/repository/org/skyscreamer/jsonassert/1.5.0/jsonassert-1.5.0.jar:/Users/hellen/workspace/maven/conf/repository/com/vaadin/external/google/android-json/0.0.20131108.vaadin1/android-json-0.0.20131108.vaadin1.jar:/Users/hellen/workspace/maven/conf/repository/org/springframework/spring-test/5.3.3/spring-test-5.3.3.jar:/Users/hellen/workspace/maven/conf/repository/org/xmlunit/xmlunit-core/2.7.0/xmlunit-core-2.7.0.jar:/Users/hellen/workspace/maven/conf/repository/mysql/mysql-connector-java/5.1.38/mysql-connector-java-5.1.38.jar:/Users/hellen/workspace/maven/conf/repository/org/mybatis/spring/boot/mybatis-spring-boot-starter/2.1.2/mybatis-spring-boot-starter-2.1.2.jar:/Users/hellen/workspace/maven/conf/repository/org/springframework/boot/spring-boot-starter-jdbc/2.4.2/spring-boot-starter-jdbc-2.4.2.jar:/Users/hellen/workspace/maven/conf/repository/com/zaxxer/HikariCP/3.4.5/HikariCP-3.4.5.jar:/Users/hellen/workspace/maven/conf/repository/org/springframework/spring-jdbc/5.3.3/spring-jdbc-5.3.3.jar:/Users/hellen/workspace/maven/conf/repository/org/mybatis/spring/boot/mybatis-spring-boot-autoconfigure/2.1.2/mybatis-spring-boot-autoconfigure-2.1.2.jar:/Users/hellen/workspace/maven/conf/repository/org/mybatis/mybatis/3.5.4/mybatis-3.5.4.jar:/Users/hellen/workspace/maven/conf/repository/org/mybatis/mybatis-spring/2.0.4/mybatis-spring-2.0.4.jar:/Users/hellen/workspace/maven/conf/repository/javax/servlet/javax.servlet-api/3.1.0/javax.servlet-api-3.1.0.jar:/Users/hellen/workspace/maven/conf/repository/org/springframework/ldap/spring-ldap-core/2.3.2.RELEASE/spring-ldap-core-2.3.2.RELEASE.jar:/Users/hellen/workspace/maven/conf/repository/org/slf4j/slf4j-api/1.7.30/slf4j-api-1.7.30.jar:/Users/hellen/workspace/maven/conf/repository/org/springframework/spring-beans/5.3.3/spring-beans-5.3.3.jar:/Users/hellen/workspace/maven/conf/repository/org/springframework/spring-tx/5.3.3/spring-tx-5.3.3.jar:/Users/hellen/workspace/maven/conf/repository/org/apache/hadoop/hadoop-common/3.1.1/hadoop-common-3.1.1.jar:/Users/hellen/workspace/maven/conf/repository/org/apache/hadoop/hadoop-annotations/3.1.1/hadoop-annotations-3.1.1.jar:/Library/Java/JavaVirtualMachines/jdk1.8.0_251.jdk/Contents/Home/jre/../lib/tools.jar:/Users/hellen/workspace/maven/conf/repository/com/google/guava/guava/11.0.2/guava-11.0.2.jar:/Users/hellen/workspace/maven/conf/repository/commons-cli/commons-cli/1.2/commons-cli-1.2.jar:/Users/hellen/workspace/maven/conf/repository/org/apache/commons/commons-math3/3.1.1/commons-math3-3.1.1.jar:/Users/hellen/workspace/maven/conf/repository/org/apache/httpcomponents/httpclient/4.5.13/httpclient-4.5.13.jar:/Users/hellen/workspace/maven/conf/repository/org/apache/httpcomponents/httpcore/4.4.14/httpcore-4.4.14.jar:/Users/hellen/workspace/maven/conf/repository/commons-codec/commons-codec/1.15/commons-codec-1.15.jar:/Users/hellen/workspace/maven/conf/repository/commons-io/commons-io/2.5/commons-io-2.5.jar:/Users/hellen/workspace/maven/conf/repository/commons-net/commons-net/3.6/commons-net-3.6.jar:/Users/hellen/workspace/maven/conf/repository/commons-collections/commons-collections/3.2.2/commons-collections-3.2.2.jar:/Users/hellen/workspace/maven/conf/repository/org/eclipse/jetty/jetty-server/9.4.35.v20201120/jetty-server-9.4.35.v20201120.jar:/Users/hellen/workspace/maven/conf/repository/org/eclipse/jetty/jetty-http/9.4.35.v20201120/jetty-http-9.4.35.v20201120.jar:/Users/hellen/workspace/maven/conf/repository/org/eclipse/jetty/jetty-io/9.4.35.v20201120/jetty-io-9.4.35.v20201120.jar:/Users/hellen/workspace/maven/conf/repository/org/eclipse/jetty/jetty-util/9.4.35.v20201120/jetty-util-9.4.35.v20201120.jar:/Users/hellen/workspace/maven/conf/repository/org/eclipse/jetty/jetty-servlet/9.4.35.v20201120/jetty-servlet-9.4.35.v20201120.jar:/Users/hellen/workspace/maven/conf/repository/org/eclipse/jetty/jetty-security/9.4.35.v20201120/jetty-security-9.4.35.v20201120.jar:/Users/hellen/workspace/maven/conf/repository/org/eclipse/jetty/jetty-webapp/9.4.35.v20201120/jetty-webapp-9.4.35.v20201120.jar:/Users/hellen/workspace/maven/conf/repository/org/eclipse/jetty/jetty-xml/9.4.35.v20201120/jetty-xml-9.4.35.v20201120.jar:/Users/hellen/workspace/maven/conf/repository/javax/servlet/jsp/jsp-api/2.1/jsp-api-2.1.jar:/Users/hellen/workspace/maven/conf/repository/com/sun/jersey/jersey-core/1.19/jersey-core-1.19.jar:/Users/hellen/workspace/maven/conf/repository/javax/ws/rs/jsr311-api/1.1.1/jsr311-api-1.1.1.jar:/Users/hellen/workspace/maven/conf/repository/com/sun/jersey/jersey-servlet/1.19/jersey-servlet-1.19.jar:/Users/hellen/workspace/maven/conf/repository/com/sun/jersey/jersey-json/1.19/jersey-json-1.19.jar:/Users/hellen/workspace/maven/conf/repository/org/codehaus/jettison/jettison/1.1/jettison-1.1.jar:/Users/hellen/workspace/maven/conf/repository/com/sun/xml/bind/jaxb-impl/2.2.3-1/jaxb-impl-2.2.3-1.jar:/Users/hellen/workspace/maven/conf/repository/org/codehaus/jackson/jackson-core-asl/1.9.2/jackson-core-asl-1.9.2.jar:/Users/hellen/workspace/maven/conf/repository/org/codehaus/jackson/jackson-mapper-asl/1.9.2/jackson-mapper-asl-1.9.2.jar:/Users/hellen/workspace/maven/conf/repository/org/codehaus/jackson/jackson-jaxrs/1.9.2/jackson-jaxrs-1.9.2.jar:/Users/hellen/workspace/maven/conf/repository/org/codehaus/jackson/jackson-xc/1.9.2/jackson-xc-1.9.2.jar:/Users/hellen/workspace/maven/conf/repository/com/sun/jersey/jersey-server/1.19/jersey-server-1.19.jar:/Users/hellen/workspace/maven/conf/repository/commons-logging/commons-logging/1.1.3/commons-logging-1.1.3.jar:/Users/hellen/workspace/maven/conf/repository/log4j/log4j/1.2.17/log4j-1.2.17.jar:/Users/hellen/workspace/maven/conf/repository/commons-lang/commons-lang/2.6/commons-lang-2.6.jar:/Users/hellen/workspace/maven/conf/repository/commons-beanutils/commons-beanutils/1.9.3/commons-beanutils-1.9.3.jar:/Users/hellen/workspace/maven/conf/repository/org/apache/commons/commons-configuration2/2.1.1/commons-configuration2-2.1.1.jar:/Users/hellen/workspace/maven/conf/repository/org/apache/commons/commons-lang3/3.11/commons-lang3-3.11.jar:/Users/hellen/workspace/maven/conf/repository/org/slf4j/slf4j-log4j12/1.7.30/slf4j-log4j12-1.7.30.jar:/Users/hellen/workspace/maven/conf/repository/org/apache/avro/avro/1.7.7/avro-1.7.7.jar:/Users/hellen/workspace/maven/conf/repository/com/thoughtworks/paranamer/paranamer/2.3/paranamer-2.3.jar:/Users/hellen/workspace/maven/conf/repository/org/xerial/snappy/snappy-java/1.0.5/snappy-java-1.0.5.jar:/Users/hellen/workspace/maven/conf/repository/com/google/re2j/re2j/1.1/re2j-1.1.jar:/Users/hellen/workspace/maven/conf/repository/com/google/protobuf/protobuf-java/2.5.0/protobuf-java-2.5.0.jar:/Users/hellen/workspace/maven/conf/repository/com/google/code/gson/gson/2.8.6/gson-2.8.6.jar:/Users/hellen/workspace/maven/conf/repository/org/apache/hadoop/hadoop-auth/3.1.1/hadoop-auth-3.1.1.jar:/Users/hellen/workspace/maven/conf/repository/com/nimbusds/nimbus-jose-jwt/9.1.3/nimbus-jose-jwt-9.1.3.jar:/Users/hellen/workspace/maven/conf/repository/com/github/stephenc/jcip/jcip-annotations/1.0-1/jcip-annotations-1.0-1.jar:/Users/hellen/workspace/maven/conf/repository/org/apache/curator/curator-framework/2.12.0/curator-framework-2.12.0.jar:/Users/hellen/workspace/maven/conf/repository/com/jcraft/jsch/0.1.54/jsch-0.1.54.jar:/Users/hellen/workspace/maven/conf/repository/org/apache/curator/curator-client/2.12.0/curator-client-2.12.0.jar:/Users/hellen/workspace/maven/conf/repository/org/apache/curator/curator-recipes/2.12.0/curator-recipes-2.12.0.jar:/Users/hellen/workspace/maven/conf/repository/com/google/code/findbugs/jsr305/3.0.0/jsr305-3.0.0.jar:/Users/hellen/workspace/maven/conf/repository/org/apache/htrace/htrace-core4/4.1.0-incubating/htrace-core4-4.1.0-incubating.jar:/Users/hellen/workspace/maven/conf/repository/org/apache/zookeeper/zookeeper/3.4.9/zookeeper-3.4.9.jar:/Users/hellen/workspace/maven/conf/repository/jline/jline/0.9.94/jline-0.9.94.jar:/Users/hellen/workspace/maven/conf/repository/org/apache/commons/commons-compress/1.4.1/commons-compress-1.4.1.jar:/Users/hellen/workspace/maven/conf/repository/org/tukaani/xz/1.0/xz-1.0.jar:/Users/hellen/workspace/maven/conf/repository/org/apache/kerby/kerb-simplekdc/1.0.1/kerb-simplekdc-1.0.1.jar:/Users/hellen/workspace/maven/conf/repository/org/apache/kerby/kerb-client/1.0.1/kerb-client-1.0.1.jar:/Users/hellen/workspace/maven/conf/repository/org/apache/kerby/kerby-config/1.0.1/kerby-config-1.0.1.jar:/Users/hellen/workspace/maven/conf/repository/org/apache/kerby/kerb-core/1.0.1/kerb-core-1.0.1.jar:/Users/hellen/workspace/maven/conf/repository/org/apache/kerby/kerby-pkix/1.0.1/kerby-pkix-1.0.1.jar:/Users/hellen/workspace/maven/conf/repository/org/apache/kerby/kerby-asn1/1.0.1/kerby-asn1-1.0.1.jar:/Users/hellen/workspace/maven/conf/repository/org/apache/kerby/kerby-util/1.0.1/kerby-util-1.0.1.jar:/Users/hellen/workspace/maven/conf/repository/org/apache/kerby/kerb-common/1.0.1/kerb-common-1.0.1.jar:/Users/hellen/workspace/maven/conf/repository/org/apache/kerby/kerb-crypto/1.0.1/kerb-crypto-1.0.1.jar:/Users/hellen/workspace/maven/conf/repository/org/apache/kerby/kerb-util/1.0.1/kerb-util-1.0.1.jar:/Users/hellen/workspace/maven/conf/repository/org/apache/kerby/token-provider/1.0.1/token-provider-1.0.1.jar:/Users/hellen/workspace/maven/conf/repository/org/apache/kerby/kerb-admin/1.0.1/kerb-admin-1.0.1.jar:/Users/hellen/workspace/maven/conf/repository/org/apache/kerby/kerb-server/1.0.1/kerb-server-1.0.1.jar:/Users/hellen/workspace/maven/conf/repository/org/apache/kerby/kerb-identity/1.0.1/kerb-identity-1.0.1.jar:/Users/hellen/workspace/maven/conf/repository/org/apache/kerby/kerby-xdr/1.0.1/kerby-xdr-1.0.1.jar:/Users/hellen/workspace/maven/conf/repository/com/fasterxml/jackson/core/jackson-databind/2.11.4/jackson-databind-2.11.4.jar:/Users/hellen/workspace/maven/conf/repository/com/fasterxml/jackson/core/jackson-annotations/2.11.4/jackson-annotations-2.11.4.jar:/Users/hellen/workspace/maven/conf/repository/com/fasterxml/jackson/core/jackson-core/2.11.4/jackson-core-2.11.4.jar:/Users/hellen/workspace/maven/conf/repository/org/codehaus/woodstox/stax2-api/3.1.4/stax2-api-3.1.4.jar:/Users/hellen/workspace/maven/conf/repository/com/fasterxml/woodstox/woodstox-core/5.0.3/woodstox-core-5.0.3.jar:/Users/hellen/workspace/maven/conf/repository/org/apache/hadoop/hadoop-hdfs/3.1.1/hadoop-hdfs-3.1.1.jar:/Users/hellen/workspace/maven/conf/repository/org/eclipse/jetty/jetty-util-ajax/9.4.35.v20201120/jetty-util-ajax-9.4.35.v20201120.jar:/Users/hellen/workspace/maven/conf/repository/commons-daemon/commons-daemon/1.0.13/commons-daemon-1.0.13.jar:/Users/hellen/workspace/maven/conf/repository/io/netty/netty/3.10.5.Final/netty-3.10.5.Final.jar:/Users/hellen/workspace/maven/conf/repository/io/netty/netty-all/4.1.58.Final/netty-all-4.1.58.Final.jar:/Users/hellen/workspace/maven/conf/repository/org/fusesource/leveldbjni/leveldbjni-all/1.8/leveldbjni-all-1.8.jar:/Users/hellen/workspace/maven/conf/repository/org/apache/hadoop/hadoop-client/3.1.1/hadoop-client-3.1.1.jar:/Users/hellen/workspace/maven/conf/repository/org/apache/hadoop/hadoop-hdfs-client/3.1.1/hadoop-hdfs-client-3.1.1.jar:/Users/hellen/workspace/maven/conf/repository/com/squareup/okhttp/okhttp/2.7.5/okhttp-2.7.5.jar:/Users/hellen/workspace/maven/conf/repository/com/squareup/okio/okio/1.6.0/okio-1.6.0.jar:/Users/hellen/workspace/maven/conf/repository/org/apache/hadoop/hadoop-yarn-api/3.1.1/hadoop-yarn-api-3.1.1.jar:/Users/hellen/workspace/maven/conf/repository/javax/xml/bind/jaxb-api/2.3.1/jaxb-api-2.3.1.jar:/Users/hellen/workspace/maven/conf/repository/javax/activation/javax.activation-api/1.2.0/javax.activation-api-1.2.0.jar:/Users/hellen/workspace/maven/conf/repository/org/apache/hadoop/hadoop-yarn-client/3.1.1/hadoop-yarn-client-3.1.1.jar:/Users/hellen/workspace/maven/conf/repository/org/apache/hadoop/hadoop-mapreduce-client-core/3.1.1/hadoop-mapreduce-client-core-3.1.1.jar:/Users/hellen/workspace/maven/conf/repository/org/apache/hadoop/hadoop-yarn-common/3.1.1/hadoop-yarn-common-3.1.1.jar:/Users/hellen/workspace/maven/conf/repository/com/sun/jersey/jersey-client/1.19/jersey-client-1.19.jar:/Users/hellen/workspace/maven/conf/repository/com/fasterxml/jackson/module/jackson-module-jaxb-annotations/2.11.4/jackson-module-jaxb-annotations-2.11.4.jar:/Users/hellen/workspace/maven/conf/repository/com/fasterxml/jackson/jaxrs/jackson-jaxrs-json-provider/2.11.4/jackson-jaxrs-json-provider-2.11.4.jar:/Users/hellen/workspace/maven/conf/repository/com/fasterxml/jackson/jaxrs/jackson-jaxrs-base/2.11.4/jackson-jaxrs-base-2.11.4.jar:/Users/hellen/workspace/maven/conf/repository/org/apache/hadoop/hadoop-mapreduce-client-jobclient/3.1.1/hadoop-mapreduce-client-jobclient-3.1.1.jar:/Users/hellen/workspace/maven/conf/repository/org/apache/hadoop/hadoop-mapreduce-client-common/3.1.1/hadoop-mapreduce-client-common-3.1.1.jar:/Users/hellen/workspace/maven/conf/repository/junit/junit/4.12/junit-4.12.jar:/Users/hellen/workspace/maven/conf/repository/org/hamcrest/hamcrest-core/2.2/hamcrest-core-2.2.jar:"/>
    <property name="sun.cpu.endian" value="little"/>
    <property name="user.home" value="/Users/hellen"/>
    <property name="user.language" value="zh"/>
    <property name="java.specification.vendor" value="Oracle Corporation"/>
    <property name="java.home" value="/Library/Java/JavaVirtualMachines/jdk1.8.0_251.jdk/Contents/Home/jre"/>
    <property name="basedir" value="/Users/hellen/workspace/ideaproj/oneclickcreation"/>
    <property name="file.separator" value="/"/>
    <property name="line.separator" value="&#10;"/>
    <property name="java.vm.specification.vendor" value="Oracle Corporation"/>
    <property name="java.specification.name" value="Java Platform API Specification"/>
    <property name="java.awt.graphicsenv" value="sun.awt.CGraphicsEnvironment"/>
    <property name="surefire.real.class.path" value="/Users/hellen/workspace/ideaproj/oneclickcreation/target/surefire/surefirebooter6711953797130479670.jar"/>
    <property name="sun.boot.class.path" value="/Library/Java/JavaVirtualMachines/jdk1.8.0_251.jdk/Contents/Home/jre/lib/resources.jar:/Library/Java/JavaVirtualMachines/jdk1.8.0_251.jdk/Contents/Home/jre/lib/rt.jar:/Library/Java/JavaVirtualMachines/jdk1.8.0_251.jdk/Contents/Home/jre/lib/sunrsasign.jar:/Library/Java/JavaVirtualMachines/jdk1.8.0_251.jdk/Contents/Home/jre/lib/jsse.jar:/Library/Java/JavaVirtualMachines/jdk1.8.0_251.jdk/Contents/Home/jre/lib/jce.jar:/Library/Java/JavaVirtualMachines/jdk1.8.0_251.jdk/Contents/Home/jre/lib/charsets.jar:/Library/Java/JavaVirtualMachines/jdk1.8.0_251.jdk/Contents/Home/jre/lib/jfr.jar:/Library/Java/JavaVirtualMachines/jdk1.8.0_251.jdk/Contents/Home/jre/classes"/>
    <property name="sun.management.compiler" value="HotSpot 64-Bit Tiered Compilers"/>
    <property name="java.runtime.version" value="1.8.0_251-b08"/>
    <property name="user.name" value="hellen"/>
    <property name="path.separator" value=":"/>
    <property name="os.version" value="10.16"/>
    <property name="java.endorsed.dirs" value="/Library/Java/JavaVirtualMachines/jdk1.8.0_251.jdk/Contents/Home/jre/lib/endorsed"/>
    <property name="java.runtime.name" value="Java(TM) SE Runtime Environment"/>
    <property name="file.encoding" value="UTF-8"/>
    <property name="java.vm.name" value="Java HotSpot(TM) 64-Bit Server VM"/>
    <property name="localRepository" value="/Users/hellen/workspace/maven/conf/repository"/>
    <property name="java.vendor.url.bug" value="http://bugreport.sun.com/bugreport/"/>
    <property name="java.io.tmpdir" value="/var/folders/69/bmn03tm971s_kpq73g9dn7b80000gn/T/"/>
    <property name="idea.version" value="2020.2.3"/>
    <property name="java.version" value="1.8.0_251"/>
    <property name="user.dir" value="/Users/hellen/workspace/ideaproj/oneclickcreation"/>
    <property name="os.arch" value="x86_64"/>
    <property name="java.vm.specification.name" value="Java Virtual Machine Specification"/>
    <property name="java.awt.printerjob" value="sun.lwawt.macosx.CPrinterJob"/>
    <property name="sun.os.patch.level" value="unknown"/>
    <property name="java.library.path" value="/Users/hellen/Library/Java/Extensions:/Library/Java/Extensions:/Network/Library/Java/Extensions:/System/Library/Java/Extensions:/usr/lib/java:."/>
    <property name="java.vm.info" value="mixed mode"/>
    <property name="java.vendor" value="Oracle Corporation"/>
    <property name="java.vm.version" value="25.251-b08"/>
    <property name="java.ext.dirs" value="/Users/hellen/Library/Java/Extensions:/Library/Java/JavaVirtualMachines/jdk1.8.0_251.jdk/Contents/Home/jre/lib/ext:/Library/Java/Extensions:/Network/Library/Java/Extensions:/System/Library/Java/Extensions:/usr/lib/java"/>
    <property name="sun.io.unicode.encoding" value="UnicodeBig"/>
    <property name="maven.repo.local" value="/Users/hellen/workspace/maven/conf/repository"/>
    <property name="java.class.version" value="52.0"/>
  </properties>
  <testcase name="contextLoads" classname="com.chinaunicom.xhl.oneclickcreation.OneclickcreationApplicationTests" time="0.26"/>
</testsuite>